<?xml version="1.0" encoding="UTF-8"?>
<!-- Generated by org.testng.reporters.JUnitReportReporter -->
<testsuite hostname="alisharaizadas-MacBook-Pro.local" failures="0" tests="1" name="cucumberOptions.testNGTestRunner" time="35.696" errors="0" timestamp="2023-05-14T14:05:53 IST" skipped="0">
  <testcase classname="cucumberOptions.testNGTestRunner" name="runScenario" time="35.696"/>
  <system-out/>
</testsuite> <!-- cucumberOptions.testNGTestRunner -->
